Added Component: Designator=IC2(ISM43340L77TR)
Add component (AddParameter): Name = "Arrow Part Number"; Value = ""; VariantName = "[No Variations]"
Add component (AddParameter): Name = "Arrow Price/Stock"; Value = ""; VariantName = "[No Variations]"
Add component (AddParameter): Name = "Datasheet Link"; Value = "https://www.mouser.com/datasheet/2/908/ISM4334X_Functional_Specification-1371237.pdf"; VariantName = "[No Variations]"
Add component (AddParameter): Name = "Height"; Value = "2mm"; VariantName = "[No Variations]"
Add component (AddParameter): Name = "Manufacturer_Name"; Value = "Inventek"; VariantName = "[No Variations]"
Add component (AddParameter): Name = "Manufacturer_Part_Number"; Value = "ISM43340-L77-TR"; VariantName = "[No Variations]"
Add component (AddParameter): Name = "Mouser Part Number"; Value = "347-ISM43340L77TR"; VariantName = "[No Variations]"
Add component (AddParameter): Name = "Mouser Price/Stock"; Value = "https://www.mouser.com/Search/Refine.aspx?Keyword=347-ISM43340L77TR"; VariantName = "[No Variations]"
Added Pin To Net: NetName=GND Pin=IC2-2
Added Pin To Net: NetName=GND Pin=IC2-3
Added Pin To Net: NetName=NetC2_2 Pin=IC2-4
Added Pin To Net: NetName=GND Pin=IC2-5
Added Pin To Net: NetName=GND Pin=IC2-7
Added Pin To Net: NetName=NetC4_1 Pin=IC2-9
Added Pin To Net: NetName=NetC1_2 Pin=IC2-10
Added Pin To Net: NetName=NetC11_2 Pin=IC2-23
Added Pin To Net: NetName=GND Pin=IC2-38
Added Pin To Net: NetName=NetIC2_39 Pin=IC2-39
Added Pin To Net: NetName=NetIC2_40 Pin=IC2-40
Added Pin To Net: NetName=NetIC2_41 Pin=IC2-41
Added Pin To Net: NetName=NetIC2_42 Pin=IC2-42
Added Pin To Net: NetName=NetIC2_43 Pin=IC2-43
Added Pin To Net: NetName=NetIC2_44 Pin=IC2-44
Added Pin To Net: NetName=GND Pin=IC2-47
Added Pin To Net: NetName=NetIC2_50 Pin=IC2-50
Added Pin To Net: NetName=GND Pin=IC2-57
Added Pin To Net: NetName=GND Pin=IC2-58
Added Pin To Net: NetName=GND Pin=IC2-59
Added Pin To Net: NetName=GND Pin=IC2-60
Added Pin To Net: NetName=GND Pin=IC2-61
Added Pin To Net: NetName=GND Pin=IC2-62
Added Pin To Net: NetName=GND Pin=IC2-63
Added Pin To Net: NetName=GND Pin=IC2-64
Added Pin To Net: NetName=GND Pin=IC2-65
Added Pin To Net: NetName=GND Pin=IC2-66
Added Pin To Net: NetName=GND Pin=IC2-67
Added Pin To Net: NetName=GND Pin=IC2-68
Added Pin To Net: NetName=NetIC2_69 Pin=IC2-69
Added Pin To Net: NetName=NetIC2_70 Pin=IC2-70
Added Pin To Net: NetName=NetIC2_71 Pin=IC2-71
Added Pin To Net: NetName=NetIC2_72 Pin=IC2-72
Added Pin To Net: NetName=NetIC2_73 Pin=IC2-73
Added Pin To Net: NetName=NetIC2_74 Pin=IC2-74
Added Pin To Net: NetName=NetIC2_75 Pin=IC2-75
Added Pin To Net: NetName=GND Pin=IC2-76
Added Pin To Net: NetName=GND Pin=IC2-77
Added Member To Class: ClassName=Wi-Fi Member=Component IC2 ISM43340-L77-TR
